<?xml version="1.0" encoding="UTF-8"?>
<!-- Generated by org.testng.reporters.JUnitXMLReporter -->
<testsuite ignored="0" hostname="DESKTOP-HU52OQ2" failures="1" tests="1" name="Test5" time="139.386" errors="0" timestamp="2024-05-18T23:04:34 IST">
  <testcase classname="com.qa.testcases.ts005.TS005_TC005" name="TS005_TC005" time="99.128">
    <failure type="java.lang.AssertionError" message="expected [Your search returned no results.1111] but found [Your search returned no results.]">
      <![CDATA[java.lang.AssertionError: expected [Your search returned no results.1111] but found [Your search returned no results.]
at com.qa.testcases.ts005.TS005_TC005.TS005_TC005(TS005_TC005.java:106)
at java.base/java.util.ArrayList.forEach(ArrayList.java:1596)
... Removed 31 stack frames]]>
    </failure>
  </testcase> <!-- TS005_TC005 -->
</testsuite> <!-- Test5 -->
