<?xml version="1.0" encoding="UTF-8"?>
<testng-results ignored="0" total="1" passed="0" failed="1" skipped="0">
  <reporter-output>
  </reporter-output>
  <suite started-at="2024-05-18T23:02:15 IST" name="Suite" finished-at="2024-05-18T23:04:34 IST" duration-ms="139386">
    <groups>
      <group name="Functional">
        <method signature="TS005_TC005.TS005_TC005()[pri:0, instance:com.qa.testcases.ts005.TS005_TC005@66d18979]" name="TS005_TC005" class="com.qa.testcases.ts005.TS005_TC005"/>
      </group> <!-- Functional -->
      <group name="Sanity">
        <method signature="TS005_TC005.TS005_TC005()[pri:0, instance:com.qa.testcases.ts005.TS005_TC005@66d18979]" name="TS005_TC005" class="com.qa.testcases.ts005.TS005_TC005"/>
      </group> <!-- Sanity -->
    </groups>
    <test started-at="2024-05-18T23:02:15 IST" name="Test5" finished-at="2024-05-18T23:04:34 IST" duration-ms="139386">
      <class name="com.qa.testcases.ts005.TS005_TC005">
        <test-method is-config="true" signature="Suite_StartUp()[pri:0, instance:com.qa.testcases.ts005.TS005_TC005@66d18979]" started-at="2024-05-18T23:02:14 IST" name="Suite_StartUp" finished-at="2024-05-18T23:02:15 IST" duration-ms="709" status="PASS">
          <reporter-output>
          </reporter-output>
        </test-method> <!-- Suite_StartUp -->
        <test-method is-config="true" signature="setup(java.lang.String)[pri:0, instance:com.qa.testcases.ts005.TS005_TC005@66d18979]" started-at="2024-05-18T23:02:15 IST" name="setup" finished-at="2024-05-18T23:02:54 IST" duration-ms="38538" status="PASS">
          <params>
            <param index="0">
              <value>
                <![CDATA[chrome]]>
              </value>
            </param>
          </params>
          <reporter-output>
          </reporter-output>
        </test-method> <!-- setup -->
        <test-method is-config="true" signature="Method_StartUp(java.lang.reflect.Method,org.testng.ITestContext)[pri:0, instance:com.qa.testcases.ts005.TS005_TC005@66d18979]" started-at="2024-05-18T23:02:54 IST" name="Method_StartUp" finished-at="2024-05-18T23:02:54 IST" duration-ms="601" status="PASS">
          <params>
            <param index="0">
              <value>
                <![CDATA[public void com.qa.testcases.ts005.TS005_TC005.TS005_TC005() throws java.lang.Exception]]>
              </value>
            </param>
            <param index="1">
              <value>
                <![CDATA[org.testng.TestRunner@493ac8d3]]>
              </value>
            </param>
          </params>
          <reporter-output>
          </reporter-output>
        </test-method> <!-- Method_StartUp -->
        <test-method signature="TS005_TC005()[pri:0, instance:com.qa.testcases.ts005.TS005_TC005@66d18979]" started-at="2024-05-18T23:02:54 IST" name="TS005_TC005" description="Verify that user gets an error message as part of result outcome as follows provided user enters any inappropriate search keyword

Error message: &quot;Your search returned no results.&quot;" finished-at="2024-05-18T23:04:33 IST" duration-ms="99128" status="FAIL">
          <exception class="java.lang.AssertionError">
            <message>
              <![CDATA[expected [Your search returned no results.1111] but found [Your search returned no results.]]]>
            </message>
            <full-stacktrace>
              <![CDATA[java.lang.AssertionError: expected [Your search returned no results.1111] but found [Your search returned no results.]
at org.testng.Assert.fail(Assert.java:99)
at org.testng.Assert.failNotEquals(Assert.java:1037)
at org.testng.Assert.assertEqualsImpl(Assert.java:140)
at org.testng.Assert.assertEquals(Assert.java:122)
at org.testng.Assert.assertEquals(Assert.java:629)
at org.testng.Assert.assertEquals(Assert.java:639)
at com.qa.testcases.ts005.TS005_TC005.TS005_TC005(TS005_TC005.java:106)
at java.base/jdk.internal.reflect.DirectMethodHandleAccessor.invoke(DirectMethodHandleAccessor.java:103)
at java.base/java.lang.reflect.Method.invoke(Method.java:580)
at org.testng.internal.MethodInvocationHelper.invokeMethod(MethodInvocationHelper.java:133)
at org.testng.internal.TestInvoker.invokeMethod(TestInvoker.java:598)
at org.testng.internal.TestInvoker.invokeTestMethod(TestInvoker.java:173)
at org.testng.internal.MethodRunner.runInSequence(MethodRunner.java:46)
at org.testng.internal.TestInvoker$MethodInvocationAgent.invoke(TestInvoker.java:824)
at org.testng.internal.TestInvoker.invokeTestMethods(TestInvoker.java:146)
at org.testng.internal.TestMethodWorker.invokeTestMethods(TestMethodWorker.java:146)
at org.testng.internal.TestMethodWorker.run(TestMethodWorker.java:128)
at java.base/java.util.ArrayList.forEach(ArrayList.java:1596)
at org.testng.TestRunner.privateRun(TestRunner.java:794)
at org.testng.TestRunner.run(TestRunner.java:596)
at org.testng.SuiteRunner.runTest(SuiteRunner.java:377)
at org.testng.SuiteRunner.runSequentially(SuiteRunner.java:371)
at org.testng.SuiteRunner.privateRun(SuiteRunner.java:332)
at org.testng.SuiteRunner.run(SuiteRunner.java:276)
at org.testng.SuiteRunnerWorker.runSuite(SuiteRunnerWorker.java:53)
at org.testng.SuiteRunnerWorker.run(SuiteRunnerWorker.java:96)
at org.testng.TestNG.runSuitesSequentially(TestNG.java:1212)
at org.testng.TestNG.runSuitesLocally(TestNG.java:1134)
at org.testng.TestNG.runSuites(TestNG.java:1063)
at org.testng.TestNG.run(TestNG.java:1031)
at org.testng.remote.AbstractRemoteTestNG.run(AbstractRemoteTestNG.java:115)
at org.testng.remote.RemoteTestNG.initAndRun(RemoteTestNG.java:293)
at org.testng.remote.RemoteTestNG.main(RemoteTestNG.java:91)
]]>
            </full-stacktrace>
          </exception> <!-- java.lang.AssertionError -->
          <reporter-output>
          </reporter-output>
        </test-method> <!-- TS005_TC005 -->
        <test-method is-config="true" signature="Method_TearDown(org.testng.ITestResult)[pri:0, instance:com.qa.testcases.ts005.TS005_TC005@66d18979]" started-at="2024-05-18T23:04:33 IST" name="Method_TearDown" finished-at="2024-05-18T23:04:34 IST" duration-ms="291" status="PASS">
          <params>
            <param index="0">
              <value>
                <![CDATA[[TestResult name=TS005_TC005 status=FAILURE method=TS005_TC005.TS005_TC005()[pri:0, instance:com.qa.testcases.ts005.TS005_TC005@66d18979] output={null}]]]>
              </value>
            </param>
          </params>
          <reporter-output>
          </reporter-output>
        </test-method> <!-- Method_TearDown -->
        <test-method is-config="true" signature="tearDown()[pri:0, instance:com.qa.testcases.ts005.TS005_TC005@66d18979]" started-at="2024-05-18T23:04:34 IST" name="tearDown" finished-at="2024-05-18T23:04:34 IST" duration-ms="680" status="PASS">
          <reporter-output>
          </reporter-output>
        </test-method> <!-- tearDown -->
        <test-method is-config="true" signature="Suite_TearDown()[pri:0, instance:com.qa.testcases.ts005.TS005_TC005@66d18979]" started-at="2024-05-18T23:04:34 IST" name="Suite_TearDown" finished-at="2024-05-18T23:04:40 IST" duration-ms="5563" status="PASS">
          <reporter-output>
          </reporter-output>
        </test-method> <!-- Suite_TearDown -->
      </class> <!-- com.qa.testcases.ts005.TS005_TC005 -->
    </test> <!-- Test5 -->
  </suite> <!-- Suite -->
</testng-results>
